src/components/admin/admin-support-client.tsx(19,53): error TS2345: Argument of type '{}' is not assignable to parameter of type '{ paginationOpts: { id?: number | undefined; endCursor?: string | null | undefined; maximumRowsRead?: number | undefined; maximumBytesRead?: number | undefined; numItems: number; cursor: string | null; }; } | "skip"'.
src/components/admin/admin-support-client.tsx(30,13): error TS2740: Type 'PaginationResult<{ _id: Id<"contactSubmissions">; _creationTime: number; phone?: string | undefined; name: string; email: string; createdAt: number; status: string; message: string; subject: string; }>' is missing the following properties from type 'any[]': length, pop, push, concat, and 35 more.
src/components/admin/admin-support-client.tsx(50,44): error TS2339: Property 'filter' does not exist on type 'PaginationResult<{ _id: Id<"contactSubmissions">; _creationTime: number; phone?: string | undefined; name: string; email: string; createdAt: number; status: string; message: string; subject: string; }> | never[]'.
  Property 'filter' does not exist on type 'PaginationResult<{ _id: Id<"contactSubmissions">; _creationTime: number; phone?: string | undefined; name: string; email: string; createdAt: number; status: string; message: string; subject: string; }>'.
src/components/admin/admin-support-client.tsx(51,45): error TS2339: Property 'length' does not exist on type 'PaginationResult<{ _id: Id<"contactSubmissions">; _creationTime: number; phone?: string | undefined; name: string; email: string; createdAt: number; status: string; message: string; subject: string; }> | never[]'.
  Property 'length' does not exist on type 'PaginationResult<{ _id: Id<"contactSubmissions">; _creationTime: number; phone?: string | undefined; name: string; email: string; createdAt: number; status: string; message: string; subject: string; }>'.
src/components/admin/admin-support-client.tsx(81,70): error TS2339: Property 'filter' does not exist on type 'PaginationResult<{ _id: Id<"contactSubmissions">; _creationTime: number; phone?: string | undefined; name: string; email: string; createdAt: number; status: string; message: string; subject: string; }>'.
src/components/shared/support-chat-widget.tsx(62,5): error TS2345: Argument of type '"skip" | {}' is not assignable to parameter of type '{ paginationOpts: { id?: number | undefined; endCursor?: string | null | undefined; maximumRowsRead?: number | undefined; maximumBytesRead?: number | undefined; numItems: number; cursor: string | null; }; } | "skip"'.
  Type '{}' is not assignable to type '{ paginationOpts: { id?: number | undefined; endCursor?: string | null | undefined; maximumRowsRead?: number | undefined; maximumBytesRead?: number | undefined; numItems: number; cursor: string | null; }; } | "skip"'.
src/components/shared/support-chat-widget.tsx(86,50): error TS2339: Property 'map' does not exist on type '{ page: { otherUserId: string; otherUser: { name: string | undefined; image: string | undefined; email: string | undefined; isVerified: boolean | undefined; id: string; } | { name: string; id: string; image?: undefined; email?: undefined; isVerified?: undefined; }; ... 11 more ...; lastMessageAt: number; }[]; isDone...'.
  Property 'map' does not exist on type '{ page: { otherUserId: string; otherUser: { name: string | undefined; image: string | undefined; email: string | undefined; isVerified: boolean | undefined; id: string; } | { name: string; id: string; image?: undefined; email?: undefined; isVerified?: undefined; }; ... 11 more ...; lastMessageAt: number; }[]; isDone...'.
src/components/shared/support-chat-widget.tsx(86,54): error TS7006: Parameter 'c' implicitly has an 'any' type.
src/components/shared/support-chat-widget.tsx(91,5): error TS2345: Argument of type '"skip" | { userIds: unknown[]; }' is not assignable to parameter of type '{ userIds: string[]; } | "skip"'.
  Type '{ userIds: unknown[]; }' is not assignable to type '{ userIds: string[]; } | "skip"'.
    Types of property 'userIds' are incompatible.
      Type 'unknown[]' is not assignable to type 'string[]'.
        Type 'unknown' is not assignable to type 'string'.
src/components/shared/support-chat-widget.tsx(226,24): error TS2339: Property 'filter' does not exist on type '{ page: { otherUserId: string; otherUser: { name: string | undefined; image: string | undefined; email: string | undefined; isVerified: boolean | undefined; id: string; } | { name: string; id: string; image?: undefined; email?: undefined; isVerified?: undefined; }; ... 11 more ...; lastMessageAt: number; }[]; isDone...'.
  Property 'filter' does not exist on type '{ page: { otherUserId: string; otherUser: { name: string | undefined; image: string | undefined; email: string | undefined; isVerified: boolean | undefined; id: string; } | { name: string; id: string; image?: undefined; email?: undefined; isVerified?: undefined; }; ... 11 more ...; lastMessageAt: number; }[]; isDone...'.
src/components/shared/support-chat-widget.tsx(226,32): error TS7006: Parameter 'c' implicitly has an 'any' type.
src/components/shared/support-chat-widget.tsx(302,51): error TS2339: Property 'length' does not exist on type '{ page: { otherUserId: string; otherUser: { name: string | undefined; image: string | undefined; email: string | undefined; isVerified: boolean | undefined; id: string; } | { name: string; id: string; image?: undefined; email?: undefined; isVerified?: undefined; }; ... 11 more ...; lastMessageAt: number; }[]; isDone...'.
  Property 'length' does not exist on type '{ page: { otherUserId: string; otherUser: { name: string | undefined; image: string | undefined; email: string | undefined; isVerified: boolean | undefined; id: string; } | { name: string; id: string; image?: undefined; email?: undefined; isVerified?: undefined; }; ... 11 more ...; lastMessageAt: number; }[]; isDone...'.
src/components/shared/support-chat-widget.tsx(360,53): error TS7006: Parameter 'conv' implicitly has an 'any' type.
